16:05:40 Worker rq:worker:3da0ed6ba727474ab0bc0509c40cda95 started with PID 58012, version 1.15.1
16:05:40 Subscribing to channel rq:pubsub:3da0ed6ba727474ab0bc0509c40cda95
16:05:40 *** Listening on microblog-tasks...
16:05:40 Cleaning registries for queue: microblog-tasks
16:05:51 Worker 3da0ed6ba727474ab0bc0509c40cda95 [PID 58012]: warm shut down requested
16:05:51 Unsubscribing f117:50:44 Cleaning registries for queue: microblog-tasks
18:31:14 Cleaning registries for queue: microblog-tasks20:52:26 Cleaning registries for queue: microblog-tasks
222:13:27 Cleaning registries for queue: microblog-tasks116:04:01 Cleaning registries for queue: microblog-tasks
16:31:01 Cleaning registries for queue: microblog-tasks
18:19:02 Cleaning registries for queue: microblog-tasks
21:28:03 Cleaning registries for queue: microblog-tasks
21:55:03 Cleaning registries for queue: microblog-tasks
12:56:50 Cleaning registries for queue: microblog-tasks
13:23:50 Cleaning registries for queue: microblog-tasks
13:37:25 Worker d4dcf82e95ca40359f7e98316ccbc641 [PID 56989]: warm shut down requested
ERROR:root:Error 111 connecting to localhost:6379. Connection refused.
0 [PID 6210]: warm shut down requested
ERROR:root:Error 111 connecting to localhost:6379. Connection refused.
Exception in thread Thread-1:
Traceback (most recent call last):
  File "/usr/lib/python3.11/threading.py", line 1038, in _bootstrap_inner
    self.run()
  File "/home/yao/fromGithub/microblog/.venv/lib/python3.11/site-packages/redis/client.py", line 1151, in run
